<?xml version="1.0" encoding="UTF-8"?>
<!-- Generated by org.testng.reporters.JUnitXMLReporter -->
<testsuite ignored="2" hostname="TUF-F15-MM" failures="0" tests="1" name="Test" time="8.344" errors="0" timestamp="2022-07-20T12:34:10 IST">
  <testcase classname="testCases.TC_001_AccRegistration" name="test_acc_reg" time="5.826"/>
  <testcase classname="testCases.TC_002_Login" name="test_login" time="0.0">
    <ignored/>
  </testcase> <!-- test_login -->
  <testcase classname="testCases.TC_003_LoginDDT" name="test_loginDDT" time="0.0">
    <ignored/>
  </testcase> <!-- test_loginDDT -->
</testsuite> <!-- Test -->
