<?xml version="1.0" encoding="UTF-8"?>
<testng-results ignored="0" total="2" passed="2" failed="0" skipped="0">
  <reporter-output>
  </reporter-output>
  <suite started-at="2022-07-20T14:37:31 IST" name="OpenCart" finished-at="2022-07-20T14:37:40 IST" duration-ms="8399">
    <groups>
      <group name="regression">
        <method signature="TC_001_AccRegistration.test_acc_reg()[pri:0, instance:testCases.TC_001_AccRegistration@dbf57b3]" name="test_acc_reg" class="testCases.TC_001_AccRegistration"/>
      </group> <!-- regression -->
      <group name="sanity">
        <method signature="TC_002_Login.test_login()[pri:0, instance:testCases.TC_002_Login@52e6fdee]" name="test_login" class="testCases.TC_002_Login"/>
      </group> <!-- sanity -->
      <group name="master">
        <method signature="TC_001_AccRegistration.test_acc_reg()[pri:0, instance:testCases.TC_001_AccRegistration@dbf57b3]" name="test_acc_reg" class="testCases.TC_001_AccRegistration"/>
        <method signature="TC_002_Login.test_login()[pri:0, instance:testCases.TC_002_Login@52e6fdee]" name="test_login" class="testCases.TC_002_Login"/>
      </group> <!-- master -->
    </groups>
    <test started-at="2022-07-20T14:37:31 IST" name="Test" finished-at="2022-07-20T14:37:40 IST" duration-ms="8399">
      <class name="testCases.TC_001_AccRegistration">
        <test-method is-config="true" signature="setUp(java.lang.String)[pri:0, instance:testCases.TC_001_AccRegistration@dbf57b3]" started-at="2022-07-20T14:37:31 IST" name="setUp" finished-at="2022-07-20T14:37:33 IST" duration-ms="1881" status="PASS">
          <params>
            <param index="0">
              <value>
                <![CDATA[Chrome]]>
              </value>
            </param>
          </params>
          <reporter-output>
          </reporter-output>
        </test-method> <!-- setUp -->
        <test-method signature="test_acc_reg()[pri:0, instance:testCases.TC_001_AccRegistration@dbf57b3]" started-at="2022-07-20T14:37:33 IST" name="test_acc_reg" finished-at="2022-07-20T14:37:37 IST" duration-ms="3802" status="PASS">
          <reporter-output>
          </reporter-output>
        </test-method> <!-- test_acc_reg -->
        <test-method is-config="true" signature="tearDown()[pri:0, instance:testCases.TC_001_AccRegistration@dbf57b3]" started-at="2022-07-20T14:37:37 IST" name="tearDown" finished-at="2022-07-20T14:37:37 IST" duration-ms="129" status="PASS">
          <reporter-output>
          </reporter-output>
        </test-method> <!-- tearDown -->
      </class> <!-- testCases.TC_001_AccRegistration -->
      <class name="testCases.TC_002_Login">
        <test-method is-config="true" signature="setUp(java.lang.String)[pri:0, instance:testCases.TC_002_Login@52e6fdee]" started-at="2022-07-20T14:37:37 IST" name="setUp" finished-at="2022-07-20T14:37:38 IST" duration-ms="1046" status="PASS">
          <params>
            <param index="0">
              <value>
                <![CDATA[Chrome]]>
              </value>
            </param>
          </params>
          <reporter-output>
          </reporter-output>
        </test-method> <!-- setUp -->
        <test-method signature="test_login()[pri:0, instance:testCases.TC_002_Login@52e6fdee]" started-at="2022-07-20T14:37:38 IST" name="test_login" finished-at="2022-07-20T14:37:39 IST" duration-ms="1324" status="PASS">
          <reporter-output>
          </reporter-output>
        </test-method> <!-- test_login -->
        <test-method is-config="true" signature="tearDown()[pri:0, instance:testCases.TC_002_Login@52e6fdee]" started-at="2022-07-20T14:37:39 IST" name="tearDown" finished-at="2022-07-20T14:37:40 IST" duration-ms="79" status="PASS">
          <reporter-output>
          </reporter-output>
        </test-method> <!-- tearDown -->
      </class> <!-- testCases.TC_002_Login -->
    </test> <!-- Test -->
  </suite> <!-- OpenCart -->
</testng-results>
