<?xml version="1.0" encoding="UTF-8"?>
<testng-results ignored="2" total="3" passed="1" failed="0" skipped="0">
  <reporter-output>
  </reporter-output>
  <suite started-at="2022-07-20T12:34:02 IST" name="OpenCart" finished-at="2022-07-20T12:34:10 IST" duration-ms="8344">
    <groups>
      <group name="regression">
        <method signature="TC_001_AccRegistration.test_acc_reg()[pri:0, instance:testCases.TC_001_AccRegistration@1e0b4072]" name="test_acc_reg" class="testCases.TC_001_AccRegistration"/>
      </group> <!-- regression -->
      <group name="master">
        <method signature="TC_001_AccRegistration.test_acc_reg()[pri:0, instance:testCases.TC_001_AccRegistration@1e0b4072]" name="test_acc_reg" class="testCases.TC_001_AccRegistration"/>
      </group> <!-- master -->
    </groups>
    <test started-at="2022-07-20T12:34:02 IST" name="Test" finished-at="2022-07-20T12:34:10 IST" duration-ms="8344">
      <class name="testCases.TC_001_AccRegistration">
        <test-method is-config="true" signature="setUp(java.lang.String)[pri:0, instance:testCases.TC_001_AccRegistration@1e0b4072]" started-at="2022-07-20T12:34:02 IST" name="setUp" finished-at="2022-07-20T12:34:04 IST" duration-ms="2176" status="PASS">
          <params>
            <param index="0">
              <value>
                <![CDATA[Chrome]]>
              </value>
            </param>
          </params>
          <reporter-output>
          </reporter-output>
        </test-method> <!-- setUp -->
        <test-method signature="test_acc_reg()[pri:0, instance:testCases.TC_001_AccRegistration@1e0b4072]" started-at="2022-07-20T12:34:04 IST" name="test_acc_reg" finished-at="2022-07-20T12:34:10 IST" duration-ms="5826" status="PASS">
          <reporter-output>
          </reporter-output>
        </test-method> <!-- test_acc_reg -->
        <test-method is-config="true" signature="tearDown()[pri:0, instance:testCases.TC_001_AccRegistration@1e0b4072]" started-at="2022-07-20T12:34:10 IST" name="tearDown" finished-at="2022-07-20T12:34:10 IST" duration-ms="122" status="PASS">
          <reporter-output>
          </reporter-output>
        </test-method> <!-- tearDown -->
      </class> <!-- testCases.TC_001_AccRegistration -->
    </test> <!-- Test -->
  </suite> <!-- OpenCart -->
</testng-results>
